2017-11-22 14:44:20  [ main:0 ] - [ INFO ]  加载中...
2017-11-22 14:44:20  [ main:73 ] - [ INFO ]  原文件/Users/haoliang/Desktop/jingdong/jingdong_52563/res/values/arrays.xml加载完成
2017-11-22 14:44:20  [ main:138 ] - [ INFO ]  原文件/Users/haoliang/Desktop/jingdong/jingdong_52563/res/values/attrs.xml加载完成
2017-11-22 14:44:20  [ main:477 ] - [ INFO ]  原文件/Users/haoliang/Desktop/jingdong/jingdong_52563/res/values/colors.xml加载完成
2017-11-22 14:44:21  [ main:584 ] - [ INFO ]  原文件/Users/haoliang/Desktop/jingdong/jingdong_52563/res/values/dimens.xml加载完成
2017-11-22 14:44:21  [ main:590 ] - [ INFO ]  原文件/Users/haoliang/Desktop/jingdong/jingdong_52563/res/values/drawables.xml加载完成
2017-11-22 14:44:21  [ main:721 ] - [ INFO ]  原文件/Users/haoliang/Desktop/jingdong/jingdong_52563/res/values/ids.xml加载完成
2017-11-22 14:44:21  [ main:724 ] - [ INFO ]  原文件/Users/haoliang/Desktop/jingdong/jingdong_52563/res/values/integers.xml加载完成
2017-11-22 14:44:21  [ main:727 ] - [ INFO ]  原文件/Users/haoliang/Desktop/jingdong/jingdong_52563/res/values/plurals.xml加载完成
2017-11-22 14:44:21  [ main:996 ] - [ INFO ]  原文件/Users/haoliang/Desktop/jingdong/jingdong_52563/res/values/public.xml加载完成
2017-11-22 14:44:21  [ main:998 ] - [ INFO ]  原文件/Users/haoliang/Desktop/jingdong/jingdong_52563/res/values/raws.xml加载完成
2017-11-22 14:44:21  [ main:1051 ] - [ INFO ]  原文件/Users/haoliang/Desktop/jingdong/jingdong_52563/res/values/stingxml.xml加载完成
2017-11-22 14:44:21  [ main:1181 ] - [ INFO ]  原文件/Users/haoliang/Desktop/jingdong/jingdong_52563/res/values/strings.xml加载完成
2017-11-22 14:44:21  [ main:1278 ] - [ INFO ]  原文件/Users/haoliang/Desktop/jingdong/jingdong_52563/res/values/styles.xml加载完成
2017-11-22 14:44:21  [ main:1302 ] - [ INFO ]  原文件/Users/haoliang/Desktop/jingdong/jingdong_52563/res/values-1280x720/dimens.xml加载完成
2017-11-22 14:44:21  [ main:1307 ] - [ INFO ]  原文件/Users/haoliang/Desktop/jingdong/jingdong_52563/res/values-1280x720/integers.xml加载完成
2017-11-22 14:44:21  [ main:1322 ] - [ INFO ]  原文件/Users/haoliang/Desktop/jingdong/jingdong_52563/res/values-1800x1080/dimens.xml加载完成
2017-11-22 14:44:21  [ main:1326 ] - [ INFO ]  原文件/Users/haoliang/Desktop/jingdong/jingdong_52563/res/values-400dpi-1800x1080-v4/dimens.xml加载完成
2017-11-22 14:44:21  [ main:1334 ] - [ INFO ]  原文件/Users/haoliang/Desktop/jingdong/jingdong_52563/res/values-420dpi-1920x1080-v4/dimens.xml加载完成
2017-11-22 14:44:21  [ main:1340 ] - [ INFO ]  原文件/Users/haoliang/Desktop/jingdong/jingdong_52563/res/values-480x320/dimens.xml加载完成
2017-11-22 14:44:21  [ main:1343 ] - [ INFO ]  原文件/Users/haoliang/Desktop/jingdong/jingdong_52563/res/values-560dpi-2560x1440-v4/dimens.xml加载完成
2017-11-22 14:44:21  [ main:1346 ] - [ INFO ]  原文件/Users/haoliang/Desktop/jingdong/jingdong_52563/res/values-640x480/dimens.xml加载完成
2017-11-22 14:44:21  [ main:1357 ] - [ INFO ]  原文件/Users/haoliang/Desktop/jingdong/jingdong_52563/res/values-800x480/dimens.xml加载完成
2017-11-22 14:44:21  [ main:1364 ] - [ INFO ]  原文件/Users/haoliang/Desktop/jingdong/jingdong_52563/res/values-854x480/dimens.xml加载完成
2017-11-22 14:44:21  [ main:1370 ] - [ INFO ]  原文件/Users/haoliang/Desktop/jingdong/jingdong_52563/res/values-960x540/dimens.xml加载完成
2017-11-22 14:44:21  [ main:1377 ] - [ INFO ]  原文件/Users/haoliang/Desktop/jingdong/jingdong_52563/res/values-960x640/dimens.xml加载完成
2017-11-22 14:44:21  [ main:1379 ] - [ INFO ]  原文件/Users/haoliang/Desktop/jingdong/jingdong_52563/res/values-hdpi-1280x720-v4/dimens.xml加载完成
2017-11-22 14:44:21  [ main:1466 ] - [ INFO ]  原文件/Users/haoliang/Desktop/jingdong/jingdong_52563/res/values-hdpi-960x540-v4/dimens.xml加载完成
2017-11-22 14:44:21  [ main:1473 ] - [ INFO ]  原文件/Users/haoliang/Desktop/jingdong/jingdong_52563/res/values-hdpi-v4/dimens.xml加载完成
2017-11-22 14:44:21  [ main:1477 ] - [ INFO ]  原文件/Users/haoliang/Desktop/jingdong/jingdong_52563/res/values-hdpi-v4/strings.xml加载完成
2017-11-22 14:44:21  [ main:1480 ] - [ INFO ]  原文件/Users/haoliang/Desktop/jingdong/jingdong_52563/res/values-ldpi-320x240-v4/dimens.xml加载完成
2017-11-22 14:44:21  [ main:1484 ] - [ INFO ]  原文件/Users/haoliang/Desktop/jingdong/jingdong_52563/res/values-ldpi-v4/dimens.xml加载完成
2017-11-22 14:44:21  [ main:1488 ] - [ INFO ]  原文件/Users/haoliang/Desktop/jingdong/jingdong_52563/res/values-ldpi-v4/strings.xml加载完成
2017-11-22 14:44:21  [ main:1490 ] - [ INFO ]  原文件/Users/haoliang/Desktop/jingdong/jingdong_52563/res/values-ldpi-v4/styles.xml加载完成
2017-11-22 14:44:21  [ main:1496 ] - [ INFO ]  原文件/Users/haoliang/Desktop/jingdong/jingdong_52563/res/values-mdpi-1024x600-v4/dimens.xml加载完成
2017-11-22 14:44:21  [ main:1499 ] - [ INFO ]  原文件/Users/haoliang/Desktop/jingdong/jingdong_52563/res/values-mdpi-480x320-v4/dimens.xml加载完成
2017-11-22 14:44:21  [ main:1506 ] - [ INFO ]  原文件/Users/haoliang/Desktop/jingdong/jingdong_52563/res/values-mdpi-v4/dimens.xml加载完成
2017-11-22 14:44:21  [ main:1509 ] - [ INFO ]  原文件/Users/haoliang/Desktop/jingdong/jingdong_52563/res/values-mdpi-v4/styles.xml加载完成
2017-11-22 14:44:22  [ main:1572 ] - [ INFO ]  原文件/Users/haoliang/Desktop/jingdong/jingdong_52563/res/values-nodpi-1800x1080-v4/dimens.xml加载完成
2017-11-22 14:44:22  [ main:1576 ] - [ INFO ]  原文件/Users/haoliang/Desktop/jingdong/jingdong_52563/res/values-v21/styles.xml加载完成
2017-11-22 14:44:22  [ main:1583 ] - [ INFO ]  原文件/Users/haoliang/Desktop/jingdong/jingdong_52563/res/values-xhdpi-1184x720-v4/dimens.xml加载完成
2017-11-22 14:44:22  [ main:1595 ] - [ INFO ]  原文件/Users/haoliang/Desktop/jingdong/jingdong_52563/res/values-xhdpi-1184x768-v4/dimens.xml加载完成
2017-11-22 14:44:22  [ main:1611 ] - [ INFO ]  原文件/Users/haoliang/Desktop/jingdong/jingdong_52563/res/values-xhdpi-1280x720-v4/dimens.xml加载完成
2017-11-22 14:44:22  [ main:1622 ] - [ INFO ]  原文件/Users/haoliang/Desktop/jingdong/jingdong_52563/res/values-xhdpi-1280x800-v4/dimens.xml加载完成
2017-11-22 14:44:22  [ main:1626 ] - [ INFO ]  原文件/Users/haoliang/Desktop/jingdong/jingdong_52563/res/values-xhdpi-1776x1080-v4/dimens.xml加载完成
2017-11-22 14:44:22  [ main:1628 ] - [ INFO ]  原文件/Users/haoliang/Desktop/jingdong/jingdong_52563/res/values-xhdpi-1800x1080-v4/dimens.xml加载完成
2017-11-22 14:44:22  [ main:1672 ] - [ INFO ]  原文件/Users/haoliang/Desktop/jingdong/jingdong_52563/res/values-xhdpi-1920x1080-v4/dimens.xml加载完成
2017-11-22 14:44:22  [ main:1676 ] - [ INFO ]  原文件/Users/haoliang/Desktop/jingdong/jingdong_52563/res/values-xhdpi-1920x1080-v4/integers.xml加载完成
2017-11-22 14:44:22  [ main:1686 ] - [ INFO ]  原文件/Users/haoliang/Desktop/jingdong/jingdong_52563/res/values-xhdpi-854x480-v4/dimens.xml加载完成
2017-11-22 14:44:22  [ main:1693 ] - [ INFO ]  原文件/Users/haoliang/Desktop/jingdong/jingdong_52563/res/values-xhdpi-960x640-v4/dimens.xml加载完成
2017-11-22 14:44:22  [ main:1723 ] - [ INFO ]  原文件/Users/haoliang/Desktop/jingdong/jingdong_52563/res/values-xhdpi-v4/dimens.xml加载完成
2017-11-22 14:44:22  [ main:1726 ] - [ INFO ]  原文件/Users/haoliang/Desktop/jingdong/jingdong_52563/res/values-xhdpi-v4/strings.xml加载完成
2017-11-22 14:44:22  [ main:1729 ] - [ INFO ]  原文件/Users/haoliang/Desktop/jingdong/jingdong_52563/res/values-xxhdpi-1800x1080-v4/dimens.xml加载完成
2017-11-22 14:44:22  [ main:1734 ] - [ INFO ]  原文件/Users/haoliang/Desktop/jingdong/jingdong_52563/res/values-xxhdpi-1920x1080-v4/dimens.xml加载完成
2017-11-22 14:44:22  [ main:1742 ] - [ INFO ]  原文件/Users/haoliang/Desktop/jingdong/jingdong_52563/res/values-xxhdpi-2560x1440-v4/strings.xml加载完成
2017-11-22 14:44:22  [ main:1746 ] - [ INFO ]  原文件/Users/haoliang/Desktop/jingdong/jingdong_52563/res/values-xxhdpi-v4/dimens.xml加载完成
2017-11-22 14:44:22  [ main:1755 ] - [ INFO ]  原文件/Users/haoliang/Desktop/jingdong/jingdong_52563/res/values-xxhdpi-v4/strings.xml加载完成
2017-11-22 14:44:22  [ main:1760 ] - [ INFO ]  目标文件/Users/haoliang/Desktop/temp/res/values/strings.xml加载完成
2017-11-22 14:44:22  [ main:1761 ] - [ INFO ]  加载完成
2017-11-22 14:44:22  [ main:1761 ] - [ INFO ]  >>>>>>>>>>>>>>>>>>>>>>>>>>>>>>搜索>>>>>>>>>>>>>>>>>>>>>>>>>>>>>> 
例如输入"@string/name"表示要搜索string为name的字段
例如输入"@layout/name"表示layout的文件件名字为name的所有文件
例如输入文件的名字"fileName"或"fileName.xml"或"fileName.png"搜素res中名字相同的文件
例如输入"@layout/name ture"表示将搜索的内容的拷贝到队形文件中
例如输入"@layout/name ture newName"表示将搜索的内容的拷贝到队形文件中，并重命名
>>>>>>>>>>>>>>>>>>>>>>>>>>>>>>搜索>>>>>>>>>>>>>>>>>>>>>>>>>>>>>> 

